  [1m[36m (12.9ms)[0m  [1mCREATE TABLE "schema_migrations" ("version" varchar NOT NULL) [0m
  [1m[35m (0.1ms)[0m  select sqlite_version(*)
  [1m[36m (13.5ms)[0m  [1mCREATE UNIQUE INDEX "unique_schema_migrations" ON "schema_migrations" ("version")[0m
  [1m[35mActiveRecord::SchemaMigration Load (1.6ms)[0m  SELECT "schema_migrations".* FROM "schema_migrations"
Migrating to CreateMovies (20111119180638)
  [1m[36m (0.1ms)[0m  [1mbegin transaction[0m
DEPRECATION WARNING: `#timestamps` was called without specifying an option for `null`. In Rails 5, this behavior will change to `null: false`. You should manually specify `null: true` to prevent the behavior of your existing migrations from changing. (called from block in up at /mnt/c/Users/Daniel/Desktop/ExamenSustitutorio-CC3S2/Actividad-ES/db/migrate/20111119180638_create_movies.rb:10)
  [1m[35m (5.2ms)[0m  CREATE TABLE "movies" ("id" INTEGER PRIMARY KEY AUTOINCREMENT NOT NULL, "title" varchar, "rating" varchar, "description" text, "release_date" datetime, "created_at" datetime, "updated_at" datetime) 
  [1m[36mSQL (2.2ms)[0m  [1mINSERT INTO "schema_migrations" ("version") VALUES (?)[0m  [["version", "20111119180638"]]
  [1m[35m (12.6ms)[0m  commit transaction
  [1m[36mActiveRecord::SchemaMigration Load (1.3ms)[0m  [1mSELECT "schema_migrations".* FROM "schema_migrations"[0m
  [1m[36mActiveRecord::SchemaMigration Load (1.7ms)[0m  [1mSELECT "schema_migrations".* FROM "schema_migrations"[0m
  [1m[35m (0.0ms)[0m  begin transaction
  [1m[36mSQL (7.8ms)[0m  [1mINSERT INTO "movies" ("title", "rating", "release_date", "created_at", "updated_at") VALUES (?, ?, ?, ?, ?)[0m  [["title", "Aladdin"], ["rating", "G"], ["release_date", "1992-11-25 00:00:00.000000"], ["created_at", "2023-12-27 15:40:12.660447"], ["updated_at", "2023-12-27 15:40:12.660447"]]
  [1m[35m (9.0ms)[0m  commit transaction
  [1m[36m (0.1ms)[0m  [1mbegin transaction[0m
  [1m[35mSQL (5.6ms)[0m  INSERT INTO "movies" ("title", "rating", "release_date", "created_at", "updated_at") VALUES (?, ?, ?, ?, ?)  [["title", "The Terminator"], ["rating", "R"], ["release_date", "1984-10-26 00:00:00.000000"], ["created_at", "2023-12-27 15:40:12.679356"], ["updated_at", "2023-12-27 15:40:12.679356"]]
  [1m[36m (9.4ms)[0m  [1mcommit transaction[0m
  [1m[35m (0.0ms)[0m  begin transaction
  [1m[36mSQL (9.9ms)[0m  [1mINSERT INTO "movies" ("title", "rating", "release_date", "created_at", "updated_at") VALUES (?, ?, ?, ?, ?)[0m  [["title", "When Harry Met Sally"], ["rating", "R"], ["release_date", "1989-07-21 00:00:00.000000"], ["created_at", "2023-12-27 15:40:12.696010"], ["updated_at", "2023-12-27 15:40:12.696010"]]
  [1m[35m (9.9ms)[0m  commit transaction
  [1m[36m (0.0ms)[0m  [1mbegin transaction[0m
  [1m[35mSQL (4.9ms)[0m  INSERT INTO "movies" ("title", "rating", "release_date", "created_at", "updated_at") VALUES (?, ?, ?, ?, ?)  [["title", "The Help"], ["rating", "PG-13"], ["release_date", "2011-08-10 00:00:00.000000"], ["created_at", "2023-12-27 15:40:12.717938"], ["updated_at", "2023-12-27 15:40:12.717938"]]
  [1m[36m (8.7ms)[0m  [1mcommit transaction[0m
  [1m[35m (0.0ms)[0m  begin transaction
  [1m[36mSQL (7.5ms)[0m  [1mINSERT INTO "movies" ("title", "rating", "release_date", "created_at", "updated_at") VALUES (?, ?, ?, ?, ?)[0m  [["title", "Chocolat"], ["rating", "PG-13"], ["release_date", "2001-01-05 00:00:00.000000"], ["created_at", "2023-12-27 15:40:12.733391"], ["updated_at", "2023-12-27 15:40:12.733391"]]
  [1m[35m (10.3ms)[0m  commit transaction
  [1m[36m (0.0ms)[0m  [1mbegin transaction[0m
  [1m[35mSQL (5.6ms)[0m  INSERT INTO "movies" ("title", "rating", "release_date", "created_at", "updated_at") VALUES (?, ?, ?, ?, ?)  [["title", "Amelie"], ["rating", "R"], ["release_date", "2001-04-25 00:00:00.000000"], ["created_at", "2023-12-27 15:40:12.753123"], ["updated_at", "2023-12-27 15:40:12.753123"]]
  [1m[36m (8.4ms)[0m  [1mcommit transaction[0m
  [1m[35m (0.0ms)[0m  begin transaction
  [1m[36mSQL (4.9ms)[0m  [1mINSERT INTO "movies" ("title", "rating", "release_date", "created_at", "updated_at") VALUES (?, ?, ?, ?, ?)[0m  [["title", "2001: A Space Odyssey"], ["rating", "G"], ["release_date", "1968-04-06 00:00:00.000000"], ["created_at", "2023-12-27 15:40:12.768871"], ["updated_at", "2023-12-27 15:40:12.768871"]]
  [1m[35m (9.5ms)[0m  commit transaction
  [1m[36m (0.0ms)[0m  [1mbegin transaction[0m
  [1m[35mSQL (6.7ms)[0m  INSERT INTO "movies" ("title", "rating", "release_date", "created_at", "updated_at") VALUES (?, ?, ?, ?, ?)  [["title", "The Incredibles"], ["rating", "PG"], ["release_date", "2004-11-05 00:00:00.000000"], ["created_at", "2023-12-27 15:40:12.785200"], ["updated_at", "2023-12-27 15:40:12.785200"]]
  [1m[36m (8.7ms)[0m  [1mcommit transaction[0m
  [1m[35m (0.0ms)[0m  begin transaction
  [1m[36mSQL (4.3ms)[0m  [1mINSERT INTO "movies" ("title", "rating", "release_date", "created_at", "updated_at") VALUES (?, ?, ?, ?, ?)[0m  [["title", "Raiders of the Lost Ark"], ["rating", "PG"], ["release_date", "1981-06-12 00:00:00.000000"], ["created_at", "2023-12-27 15:40:12.802554"], ["updated_at", "2023-12-27 15:40:12.802554"]]
  [1m[35m (8.6ms)[0m  commit transaction
  [1m[36m (0.0ms)[0m  [1mbegin transaction[0m
  [1m[35mSQL (5.9ms)[0m  INSERT INTO "movies" ("title", "rating", "release_date", "created_at", "updated_at") VALUES (?, ?, ?, ?, ?)  [["title", "Chicken Run"], ["rating", "G"], ["release_date", "2000-06-21 00:00:00.000000"], ["created_at", "2023-12-27 15:40:12.817319"], ["updated_at", "2023-12-27 15:40:12.817319"]]
  [1m[36m (8.9ms)[0m  [1mcommit transaction[0m
  [1m[36mActiveRecord::SchemaMigration Load (1.7ms)[0m  [1mSELECT "schema_migrations".* FROM "schema_migrations"[0m
Migrating to AddDirectorToMovies (20231227154308)
  [1m[35m (0.1ms)[0m  begin transaction
  [1m[36m (46.2ms)[0m  [1mALTER TABLE "movies" ADD "director" varchar[0m
  [1m[35mSQL (1.9ms)[0m  INSERT INTO "schema_migrations" ("version") VALUES (?)  [["version", "20231227154308"]]
  [1m[36m (8.5ms)[0m  [1mcommit transaction[0m
  [1m[35mActiveRecord::SchemaMigration Load (1.5ms)[0m  SELECT "schema_migrations".* FROM "schema_migrations"
  [1m[36m (16.8ms)[0m  [1mCREATE TABLE "movies" ("id" INTEGER PRIMARY KEY AUTOINCREMENT NOT NULL, "title" varchar, "rating" varchar, "description" text, "release_date" datetime, "created_at" datetime, "updated_at" datetime, "director" varchar) [0m
  [1m[35m (46.7ms)[0m  CREATE TABLE "schema_migrations" ("version" varchar NOT NULL) 
  [1m[36m (0.1ms)[0m  [1mselect sqlite_version(*)[0m
  [1m[35m (15.0ms)[0m  CREATE UNIQUE INDEX "unique_schema_migrations" ON "schema_migrations" ("version")
  [1m[36m (2.1ms)[0m  [1mSELECT version FROM "schema_migrations"[0m
  [1m[35m (16.5ms)[0m  INSERT INTO "schema_migrations" (version) VALUES ('20231227154308')
  [1m[36m (17.2ms)[0m  [1mINSERT INTO "schema_migrations" (version) VALUES ('20111119180638')[0m


Started GET "/" for 127.0.0.1 at 2023-12-27 13:16:37 -0500


Started GET "/movies" for 127.0.0.1 at 2023-12-27 13:16:38 -0500
Processing by MoviesController#index as HTML
  [1m[36mMovie Load (17.0ms)[0m  [1mSELECT "movies".* FROM "movies"[0m
  Rendered movies/index.html.erb within layouts/application (83.6ms)
  Rendered layouts/_flash.erb (0.5ms)
Completed 200 OK in 1959ms (Views: 1771.8ms | ActiveRecord: 23.0ms)


Started GET "/movies/1" for 127.0.0.1 at 2023-12-27 13:16:44 -0500
Processing by MoviesController#show as HTML
  Parameters: {"id"=>"1"}
  [1m[35mMovie Load (1.9ms)[0m  SELECT  "movies".* FROM "movies" WHERE "movies"."id" = ? LIMIT 1  [["id", 1]]
  Rendered movies/show.html.erb within layouts/application (0.7ms)
  Rendered layouts/_flash.erb (0.1ms)
Completed 200 OK in 435ms (Views: 360.2ms | ActiveRecord: 1.9ms)


Started GET "/movies/1/edit" for 127.0.0.1 at 2023-12-27 13:16:46 -0500
Processing by MoviesController#edit as HTML
  Parameters: {"id"=>"1"}
  [1m[36mMovie Load (1.8ms)[0m  [1mSELECT  "movies".* FROM "movies" WHERE "movies"."id" = ? LIMIT 1[0m  [["id", 1]]
  Rendered movies/edit.html.erb within layouts/application (110.9ms)
  Rendered layouts/_flash.erb (0.1ms)
Completed 200 OK in 517ms (Views: 514.7ms | ActiveRecord: 1.8ms)


Started GET "/movies/1" for 127.0.0.1 at 2023-12-27 14:06:57 -0500
Processing by MoviesController#show as HTML
  Parameters: {"id"=>"1"}
  [1m[35mMovie Load (3.3ms)[0m  SELECT  "movies".* FROM "movies" WHERE "movies"."id" = ? LIMIT 1  [["id", 1]]
  Rendered movies/show.html.erb within layouts/application (1.7ms)
  Rendered layouts/_flash.erb (0.1ms)
Completed 200 OK in 362ms (Views: 354.9ms | ActiveRecord: 3.3ms)


Started GET "/movies/1/edit" for 127.0.0.1 at 2023-12-27 14:06:59 -0500
Processing by MoviesController#edit as HTML
  Parameters: {"id"=>"1"}
  [1m[36mMovie Load (1.6ms)[0m  [1mSELECT  "movies".* FROM "movies" WHERE "movies"."id" = ? LIMIT 1[0m  [["id", 1]]
  Rendered movies/edit.html.erb within layouts/application (11.7ms)
  Rendered layouts/_flash.erb (0.8ms)
Completed 200 OK in 405ms (Views: 402.6ms | ActiveRecord: 1.6ms)


Started GET "/movies/1/edit" for 127.0.0.1 at 2023-12-27 14:07:21 -0500
Processing by MoviesController#edit as HTML
  Parameters: {"id"=>"1"}
  [1m[35mMovie Load (2.2ms)[0m  SELECT  "movies".* FROM "movies" WHERE "movies"."id" = ? LIMIT 1  [["id", 1]]
  Rendered movies/edit.html.erb within layouts/application (6.1ms)
  Rendered layouts/_flash.erb (0.1ms)
Completed 200 OK in 438ms (Views: 434.5ms | ActiveRecord: 2.2ms)


Started GET "/movies/1" for 127.0.0.1 at 2023-12-27 14:08:02 -0500
Processing by MoviesController#show as HTML
  Parameters: {"id"=>"1"}
  [1m[36mMovie Load (2.5ms)[0m  [1mSELECT  "movies".* FROM "movies" WHERE "movies"."id" = ? LIMIT 1[0m  [["id", 1]]
  Rendered movies/show.html.erb within layouts/application (0.6ms)
  Rendered layouts/_flash.erb (0.1ms)
Completed 200 OK in 415ms (Views: 411.9ms | ActiveRecord: 2.5ms)


Started GET "/movies/1" for 127.0.0.1 at 2023-12-27 15:22:55 -0500
Processing by MoviesController#show as HTML
  Parameters: {"id"=>"1"}
  [1m[35mMovie Load (2.1ms)[0m  SELECT  "movies".* FROM "movies" WHERE "movies"."id" = ? LIMIT 1  [["id", 1]]
  Rendered movies/show.html.erb within layouts/application (1.3ms)
  Rendered layouts/_flash.erb (0.1ms)
Completed 200 OK in 406ms (Views: 343.4ms | ActiveRecord: 8.1ms)


Started GET "/movies/1/similar" for 127.0.0.1 at 2023-12-27 15:22:57 -0500

AbstractController::ActionNotFound (The action 'similar' could not be found for MoviesController):
  actionpack (4.2.10) lib/abstract_controller/base.rb:132:in `process'
  actionview (4.2.10) lib/action_view/rendering.rb:30:in `process'
  actionpack (4.2.10) lib/action_controller/metal.rb:196:in `dispatch'
  actionpack (4.2.10) lib/action_controller/metal/rack_delegation.rb:13:in `dispatch'
  actionpack (4.2.10) lib/action_controller/metal.rb:237:in `block in action'
  actionpack (4.2.10) lib/action_dispatch/routing/route_set.rb:74:in `dispatch'
  actionpack (4.2.10) lib/action_dispatch/routing/route_set.rb:43:in `serve'
  actionpack (4.2.10) lib/action_dispatch/journey/router.rb:43:in `block in serve'
  actionpack (4.2.10) lib/action_dispatch/journey/router.rb:30:in `each'
  actionpack (4.2.10) lib/action_dispatch/journey/router.rb:30:in `serve'
  actionpack (4.2.10) lib/action_dispatch/routing/route_set.rb:817:in `call'
  rack (1.6.10) lib/rack/etag.rb:24:in `call'
  rack (1.6.10) lib/rack/conditionalget.rb:25:in `call'
  rack (1.6.10) lib/rack/head.rb:13:in `call'
  actionpack (4.2.10) lib/action_dispatch/middleware/params_parser.rb:27:in `call'
  actionpack (4.2.10) lib/action_dispatch/middleware/flash.rb:260:in `call'
  rack (1.6.10) lib/rack/session/abstract/id.rb:225:in `context'
  rack (1.6.10) lib/rack/session/abstract/id.rb:220:in `call'
  actionpack (4.2.10) lib/action_dispatch/middleware/cookies.rb:560:in `call'
  activerecord (4.2.10) lib/active_record/query_cache.rb:36:in `call'
  activerecord (4.2.10) lib/active_record/connection_adapters/abstract/connection_pool.rb:653:in `call'
  actionpack (4.2.10) lib/action_dispatch/middleware/callbacks.rb:29:in `block in call'
  activesupport (4.2.10) lib/active_support/callbacks.rb:88:in `__run_callbacks__'
  activesupport (4.2.10) lib/active_support/callbacks.rb:778:in `_run_call_callbacks'
  activesupport (4.2.10) lib/active_support/callbacks.rb:81:in `run_callbacks'
  actionpack (4.2.10) lib/action_dispatch/middleware/callbacks.rb:27:in `call'
  actionpack (4.2.10) lib/action_dispatch/middleware/reloader.rb:73:in `call'
  actionpack (4.2.10) lib/action_dispatch/middleware/remote_ip.rb:78:in `call'
  actionpack (4.2.10) lib/action_dispatch/middleware/debug_exceptions.rb:17:in `call'
  actionpack (4.2.10) lib/action_dispatch/middleware/show_exceptions.rb:30:in `call'
  railties (4.2.10) lib/rails/rack/logger.rb:38:in `call_app'
  railties (4.2.10) lib/rails/rack/logger.rb:20:in `block in call'
  activesupport (4.2.10) lib/active_support/tagged_logging.rb:68:in `block in tagged'
  activesupport (4.2.10) lib/active_support/tagged_logging.rb:26:in `tagged'
  activesupport (4.2.10) lib/active_support/tagged_logging.rb:68:in `tagged'
  railties (4.2.10) lib/rails/rack/logger.rb:20:in `call'
  actionpack (4.2.10) lib/action_dispatch/middleware/request_id.rb:21:in `call'
  rack (1.6.10) lib/rack/methodoverride.rb:22:in `call'
  rack (1.6.10) lib/rack/runtime.rb:18:in `call'
  activesupport (4.2.10) lib/active_support/cache/strategy/local_cache_middleware.rb:28:in `call'
  rack (1.6.10) lib/rack/lock.rb:17:in `call'
  actionpack (4.2.10) lib/action_dispatch/middleware/static.rb:120:in `call'
  rack (1.6.10) lib/rack/sendfile.rb:113:in `call'
  railties (4.2.10) lib/rails/engine.rb:518:in `call'
  railties (4.2.10) lib/rails/application.rb:165:in `call'
  rack (1.6.10) lib/rack/lock.rb:17:in `call'
  rack (1.6.10) lib/rack/content_length.rb:15:in `call'
  rack (1.6.10) lib/rack/handler/webrick.rb:88:in `service'
  /home/daniel/.rvm/rubies/ruby-2.6.6/lib/ruby/2.6.0/webrick/httpserver.rb:140:in `service'
  /home/daniel/.rvm/rubies/ruby-2.6.6/lib/ruby/2.6.0/webrick/httpserver.rb:96:in `run'
  /home/daniel/.rvm/rubies/ruby-2.6.6/lib/ruby/2.6.0/webrick/server.rb:307:in `block in start_thread'


  Rendered /home/daniel/.rvm/gems/ruby-2.6.6/gems/actionpack-4.2.10/lib/action_dispatch/middleware/templates/rescues/unknown_action.html.erb within rescues/layout (0.4ms)


Started GET "/movies/1/similar" for 127.0.0.1 at 2023-12-27 15:28:17 -0500
Processing by MoviesController#similar as HTML
  Parameters: {"id"=>"1"}
  [1m[36mMovie Load (2.2ms)[0m  [1mSELECT  "movies".* FROM "movies" WHERE "movies"."id" = ? LIMIT 1[0m  [["id", 1]]
Redirected to http://localhost:3000/movies
Completed 302 Found in 61ms (ActiveRecord: 8.5ms)


Started GET "/movies" for 127.0.0.1 at 2023-12-27 15:28:17 -0500
Processing by MoviesController#index as HTML
  [1m[35mMovie Load (1.9ms)[0m  SELECT "movies".* FROM "movies"
  Rendered movies/index.html.erb within layouts/application (4.2ms)
  Rendered layouts/_flash.erb (0.1ms)
Completed 200 OK in 362ms (Views: 360.4ms | ActiveRecord: 1.9ms)


Started GET "/movies" for 127.0.0.1 at 2023-12-27 15:33:27 -0500
Processing by MoviesController#index as HTML
  [1m[36mMovie Load (3.9ms)[0m  [1mSELECT "movies".* FROM "movies"[0m
  Rendered movies/index.html.erb within layouts/application (15.3ms)
  Rendered layouts/_flash.erb (0.2ms)
Completed 200 OK in 407ms (Views: 351.0ms | ActiveRecord: 10.6ms)


Started GET "/movies/1" for 127.0.0.1 at 2023-12-27 15:33:30 -0500
Processing by MoviesController#show as HTML
  Parameters: {"id"=>"1"}
  [1m[35mMovie Load (3.0ms)[0m  SELECT  "movies".* FROM "movies" WHERE "movies"."id" = ? LIMIT 1  [["id", 1]]
  Rendered movies/show.html.erb within layouts/application (0.4ms)
  Rendered layouts/_flash.erb (0.1ms)
Completed 200 OK in 350ms (Views: 345.9ms | ActiveRecord: 3.0ms)


Started GET "/movies/1/similar" for 127.0.0.1 at 2023-12-27 15:33:32 -0500
Processing by MoviesController#similar as HTML
  Parameters: {"id"=>"1"}
  [1m[36mMovie Load (1.7ms)[0m  [1mSELECT  "movies".* FROM "movies" WHERE "movies"."id" = ? LIMIT 1[0m  [["id", 1]]
Redirected to http://localhost:3000/movies
Completed 302 Found in 3ms (ActiveRecord: 1.7ms)


Started GET "/movies" for 127.0.0.1 at 2023-12-27 15:33:33 -0500
Processing by MoviesController#index as HTML
  [1m[35mMovie Load (2.1ms)[0m  SELECT "movies".* FROM "movies"
  Rendered movies/index.html.erb within layouts/application (4.0ms)
  Rendered layouts/_flash.erb (0.1ms)
Completed 200 OK in 347ms (Views: 344.7ms | ActiveRecord: 2.1ms)


Started GET "/movies/new" for 127.0.0.1 at 2023-12-27 16:09:14 -0500
Processing by MoviesController#new as HTML
  Rendered movies/new.html.erb within layouts/application (6.6ms)
  Rendered layouts/_flash.erb (0.3ms)
Completed 200 OK in 368ms (Views: 368.2ms | ActiveRecord: 0.0ms)


Started GET "/movies" for 127.0.0.1 at 2023-12-27 17:03:53 -0500
Processing by MoviesController#index as HTML
  [1m[36mMovie Load (2.1ms)[0m  [1mSELECT "movies".* FROM "movies"[0m
  Rendered movies/index.html.erb within layouts/application (52.7ms)
  Rendered layouts/_flash.erb (0.4ms)
Completed 200 OK in 1557ms (Views: 1107.7ms | ActiveRecord: 26.7ms)


Started GET "/movies" for 127.0.0.1 at 2023-12-27 17:04:05 -0500
Processing by MoviesController#index as HTML
  [1m[35mMovie Load (2.8ms)[0m  SELECT "movies".* FROM "movies"
  Rendered movies/index.html.erb within layouts/application (6.9ms)
  Rendered layouts/_flash.erb (0.3ms)
Completed 200 OK in 456ms (Views: 437.5ms | ActiveRecord: 2.8ms)


Started GET "/movies" for 127.0.0.1 at 2023-12-27 17:06:55 -0500
Processing by MoviesController#index as HTML
  [1m[36mMovie Load (2.5ms)[0m  [1mSELECT "movies".* FROM "movies"[0m
  Rendered movies/index.html.erb within layouts/application (6.7ms)
  Rendered layouts/_flash.erb (0.2ms)
Completed 200 OK in 375ms (Views: 357.1ms | ActiveRecord: 2.5ms)


Started GET "/movies/1" for 127.0.0.1 at 2023-12-27 17:06:59 -0500
Processing by MoviesController#show as HTML
  Parameters: {"id"=>"1"}
  [1m[35mMovie Load (3.4ms)[0m  SELECT  "movies".* FROM "movies" WHERE "movies"."id" = ? LIMIT 1  [["id", 1]]
  Rendered movies/show.html.erb within layouts/application (1.2ms)
  Rendered layouts/_flash.erb (0.1ms)
Completed 200 OK in 424ms (Views: 361.4ms | ActiveRecord: 3.4ms)


Started GET "/movies/1/similar" for 127.0.0.1 at 2023-12-27 17:07:01 -0500
Processing by MoviesController#similar as HTML
  Parameters: {"id"=>"1"}
  [1m[36mMovie Load (5.5ms)[0m  [1mSELECT  "movies".* FROM "movies" WHERE "movies"."id" = ? LIMIT 1[0m  [["id", 1]]
Completed 500 Internal Server Error in 152ms (ActiveRecord: 5.5ms)

ActionView::MissingTemplate (Missing template movies/similar, application/similar with {:locale=>[:en], :formats=>[:html], :variants=>[], :handlers=>[:erb, :builder, :raw, :ruby]}. Searched in:
  * "/mnt/c/Users/Daniel/Desktop/ExamenSustitutorio-CC3S2/Actividad-ES/app/views"
):
  actionview (4.2.10) lib/action_view/path_set.rb:46:in `find'
  actionview (4.2.10) lib/action_view/lookup_context.rb:121:in `find'
  actionview (4.2.10) lib/action_view/renderer/abstract_renderer.rb:18:in `find_template'
  actionview (4.2.10) lib/action_view/renderer/template_renderer.rb:40:in `determine_template'
  actionview (4.2.10) lib/action_view/renderer/template_renderer.rb:8:in `render'
  actionview (4.2.10) lib/action_view/renderer/renderer.rb:46:in `render_template'
  actionview (4.2.10) lib/action_view/renderer/renderer.rb:27:in `render'
  actionview (4.2.10) lib/action_view/rendering.rb:100:in `_render_template'
  actionpack (4.2.10) lib/action_controller/metal/streaming.rb:217:in `_render_template'
  actionview (4.2.10) lib/action_view/rendering.rb:83:in `render_to_body'
  actionpack (4.2.10) lib/action_controller/metal/rendering.rb:32:in `render_to_body'
  actionpack (4.2.10) lib/action_controller/metal/renderers.rb:37:in `render_to_body'
  actionpack (4.2.10) lib/abstract_controller/rendering.rb:25:in `render'
  actionpack (4.2.10) lib/action_controller/metal/rendering.rb:16:in `render'
  actionpack (4.2.10) lib/action_controller/metal/instrumentation.rb:44:in `block (2 levels) in render'
  activesupport (4.2.10) lib/active_support/core_ext/benchmark.rb:12:in `block in ms'
  /home/daniel/.rvm/rubies/ruby-2.6.6/lib/ruby/2.6.0/benchmark.rb:308:in `realtime'
  activesupport (4.2.10) lib/active_support/core_ext/benchmark.rb:12:in `ms'
  actionpack (4.2.10) lib/action_controller/metal/instrumentation.rb:44:in `block in render'
  actionpack (4.2.10) lib/action_controller/metal/instrumentation.rb:87:in `cleanup_view_runtime'
  activerecord (4.2.10) lib/active_record/railties/controller_runtime.rb:25:in `cleanup_view_runtime'
  actionpack (4.2.10) lib/action_controller/metal/instrumentation.rb:43:in `render'
  actionpack (4.2.10) lib/action_controller/metal/implicit_render.rb:10:in `default_render'
  actionpack (4.2.10) lib/action_controller/metal/implicit_render.rb:5:in `send_action'
  actionpack (4.2.10) lib/abstract_controller/base.rb:198:in `process_action'
  actionpack (4.2.10) lib/action_controller/metal/rendering.rb:10:in `process_action'
  actionpack (4.2.10) lib/abstract_controller/callbacks.rb:20:in `block in process_action'
  activesupport (4.2.10) lib/active_support/callbacks.rb:117:in `call'
  activesupport (4.2.10) lib/active_support/callbacks.rb:555:in `block (2 levels) in compile'
  activesupport (4.2.10) lib/active_support/callbacks.rb:505:in `call'
  activesupport (4.2.10) lib/active_support/callbacks.rb:92:in `__run_callbacks__'
  activesupport (4.2.10) lib/active_support/callbacks.rb:778:in `_run_process_action_callbacks'
  activesupport (4.2.10) lib/active_support/callbacks.rb:81:in `run_callbacks'
  actionpack (4.2.10) lib/abstract_controller/callbacks.rb:19:in `process_action'
  actionpack (4.2.10) lib/action_controller/metal/rescue.rb:29:in `process_action'
  actionpack (4.2.10) lib/action_controller/metal/instrumentation.rb:32:in `block in process_action'
  activesupport (4.2.10) lib/active_support/notifications.rb:164:in `block in instrument'
  activesupport (4.2.10) lib/active_support/notifications/instrumenter.rb:20:in `instrument'
  activesupport (4.2.10) lib/active_support/notifications.rb:164:in `instrument'
  actionpack (4.2.10) lib/action_controller/metal/instrumentation.rb:30:in `process_action'
  actionpack (4.2.10) lib/action_controller/metal/params_wrapper.rb:250:in `process_action'
  activerecord (4.2.10) lib/active_record/railties/controller_runtime.rb:18:in `process_action'
  actionpack (4.2.10) lib/abstract_controller/base.rb:137:in `process'
  actionview (4.2.10) lib/action_view/rendering.rb:30:in `process'
  actionpack (4.2.10) lib/action_controller/metal.rb:196:in `dispatch'
  actionpack (4.2.10) lib/action_controller/metal/rack_delegation.rb:13:in `dispatch'
  actionpack (4.2.10) lib/action_controller/metal.rb:237:in `block in action'
  actionpack (4.2.10) lib/action_dispatch/routing/route_set.rb:74:in `dispatch'
  actionpack (4.2.10) lib/action_dispatch/routing/route_set.rb:43:in `serve'
  actionpack (4.2.10) lib/action_dispatch/journey/router.rb:43:in `block in serve'
  actionpack (4.2.10) lib/action_dispatch/journey/router.rb:30:in `each'
  actionpack (4.2.10) lib/action_dispatch/journey/router.rb:30:in `serve'
  actionpack (4.2.10) lib/action_dispatch/routing/route_set.rb:817:in `call'
  rack (1.6.10) lib/rack/etag.rb:24:in `call'
  rack (1.6.10) lib/rack/conditionalget.rb:25:in `call'
  rack (1.6.10) lib/rack/head.rb:13:in `call'
  actionpack (4.2.10) lib/action_dispatch/middleware/params_parser.rb:27:in `call'
  actionpack (4.2.10) lib/action_dispatch/middleware/flash.rb:260:in `call'
  rack (1.6.10) lib/rack/session/abstract/id.rb:225:in `context'
  rack (1.6.10) lib/rack/session/abstract/id.rb:220:in `call'
  actionpack (4.2.10) lib/action_dispatch/middleware/cookies.rb:560:in `call'
  activerecord (4.2.10) lib/active_record/query_cache.rb:36:in `call'
  activerecord (4.2.10) lib/active_record/connection_adapters/abstract/connection_pool.rb:653:in `call'
  actionpack (4.2.10) lib/action_dispatch/middleware/callbacks.rb:29:in `block in call'
  activesupport (4.2.10) lib/active_support/callbacks.rb:88:in `__run_callbacks__'
  activesupport (4.2.10) lib/active_support/callbacks.rb:778:in `_run_call_callbacks'
  activesupport (4.2.10) lib/active_support/callbacks.rb:81:in `run_callbacks'
  actionpack (4.2.10) lib/action_dispatch/middleware/callbacks.rb:27:in `call'
  actionpack (4.2.10) lib/action_dispatch/middleware/reloader.rb:73:in `call'
  actionpack (4.2.10) lib/action_dispatch/middleware/remote_ip.rb:78:in `call'
  actionpack (4.2.10) lib/action_dispatch/middleware/debug_exceptions.rb:17:in `call'
  actionpack (4.2.10) lib/action_dispatch/middleware/show_exceptions.rb:30:in `call'
  railties (4.2.10) lib/rails/rack/logger.rb:38:in `call_app'
  railties (4.2.10) lib/rails/rack/logger.rb:20:in `block in call'
  activesupport (4.2.10) lib/active_support/tagged_logging.rb:68:in `block in tagged'
  activesupport (4.2.10) lib/active_support/tagged_logging.rb:26:in `tagged'
  activesupport (4.2.10) lib/active_support/tagged_logging.rb:68:in `tagged'
  railties (4.2.10) lib/rails/rack/logger.rb:20:in `call'
  actionpack (4.2.10) lib/action_dispatch/middleware/request_id.rb:21:in `call'
  rack (1.6.10) lib/rack/methodoverride.rb:22:in `call'
  rack (1.6.10) lib/rack/runtime.rb:18:in `call'
  activesupport (4.2.10) lib/active_support/cache/strategy/local_cache_middleware.rb:28:in `call'
  rack (1.6.10) lib/rack/lock.rb:17:in `call'
  actionpack (4.2.10) lib/action_dispatch/middleware/static.rb:120:in `call'
  rack (1.6.10) lib/rack/sendfile.rb:113:in `call'
  railties (4.2.10) lib/rails/engine.rb:518:in `call'
  railties (4.2.10) lib/rails/application.rb:165:in `call'
  rack (1.6.10) lib/rack/lock.rb:17:in `call'
  rack (1.6.10) lib/rack/content_length.rb:15:in `call'
  rack (1.6.10) lib/rack/handler/webrick.rb:88:in `service'
  /home/daniel/.rvm/rubies/ruby-2.6.6/lib/ruby/2.6.0/webrick/httpserver.rb:140:in `service'
  /home/daniel/.rvm/rubies/ruby-2.6.6/lib/ruby/2.6.0/webrick/httpserver.rb:96:in `run'
  /home/daniel/.rvm/rubies/ruby-2.6.6/lib/ruby/2.6.0/webrick/server.rb:307:in `block in start_thread'


  Rendered /home/daniel/.rvm/gems/ruby-2.6.6/gems/actionpack-4.2.10/lib/action_dispatch/middleware/templates/rescues/_source.erb (2.5ms)
  Rendered /home/daniel/.rvm/gems/ruby-2.6.6/gems/actionpack-4.2.10/lib/action_dispatch/middleware/templates/rescues/_trace.html.erb (1.9ms)
  Rendered /home/daniel/.rvm/gems/ruby-2.6.6/gems/actionpack-4.2.10/lib/action_dispatch/middleware/templates/rescues/_request_and_response.html.erb (0.9ms)
  Rendered /home/daniel/.rvm/gems/ruby-2.6.6/gems/actionpack-4.2.10/lib/action_dispatch/middleware/templates/rescues/missing_template.html.erb within rescues/layout (15.6ms)


Started GET "/movies" for 127.0.0.1 at 2023-12-27 17:07:15 -0500
Processing by MoviesController#index as HTML
  [1m[35mMovie Load (1.4ms)[0m  SELECT "movies".* FROM "movies"
  Rendered movies/index.html.erb within layouts/application (3.1ms)
  Rendered layouts/_flash.erb (0.1ms)
Completed 200 OK in 385ms (Views: 355.2ms | ActiveRecord: 1.4ms)


Started GET "/movies/4" for 127.0.0.1 at 2023-12-27 17:07:17 -0500
Processing by MoviesController#show as HTML
  Parameters: {"id"=>"4"}
  [1m[36mMovie Load (1.5ms)[0m  [1mSELECT  "movies".* FROM "movies" WHERE "movies"."id" = ? LIMIT 1[0m  [["id", 4]]
  Rendered movies/show.html.erb within layouts/application (0.4ms)
  Rendered layouts/_flash.erb (0.1ms)
Completed 200 OK in 348ms (Views: 345.6ms | ActiveRecord: 1.5ms)


Started GET "/movies/4/similar" for 127.0.0.1 at 2023-12-27 17:07:19 -0500
Processing by MoviesController#similar as HTML
  Parameters: {"id"=>"4"}
  [1m[35mMovie Load (4.7ms)[0m  SELECT  "movies".* FROM "movies" WHERE "movies"."id" = ? LIMIT 1  [["id", 4]]
Completed 500 Internal Server Error in 123ms (ActiveRecord: 4.7ms)

ActionView::MissingTemplate (Missing template movies/similar, application/similar with {:locale=>[:en], :formats=>[:html], :variants=>[], :handlers=>[:erb, :builder, :raw, :ruby]}. Searched in:
  * "/mnt/c/Users/Daniel/Desktop/ExamenSustitutorio-CC3S2/Actividad-ES/app/views"
):
  actionview (4.2.10) lib/action_view/path_set.rb:46:in `find'
  actionview (4.2.10) lib/action_view/lookup_context.rb:121:in `find'
  actionview (4.2.10) lib/action_view/renderer/abstract_renderer.rb:18:in `find_template'
  actionview (4.2.10) lib/action_view/renderer/template_renderer.rb:40:in `determine_template'
  actionview (4.2.10) lib/action_view/renderer/template_renderer.rb:8:in `render'
  actionview (4.2.10) lib/action_view/renderer/renderer.rb:46:in `render_template'
  actionview (4.2.10) lib/action_view/renderer/renderer.rb:27:in `render'
  actionview (4.2.10) lib/action_view/rendering.rb:100:in `_render_template'
  actionpack (4.2.10) lib/action_controller/metal/streaming.rb:217:in `_render_template'
  actionview (4.2.10) lib/action_view/rendering.rb:83:in `render_to_body'
  actionpack (4.2.10) lib/action_controller/metal/rendering.rb:32:in `render_to_body'
  actionpack (4.2.10) lib/action_controller/metal/renderers.rb:37:in `render_to_body'
  actionpack (4.2.10) lib/abstract_controller/rendering.rb:25:in `render'
  actionpack (4.2.10) lib/action_controller/metal/rendering.rb:16:in `render'
  actionpack (4.2.10) lib/action_controller/metal/instrumentation.rb:44:in `block (2 levels) in render'
  activesupport (4.2.10) lib/active_support/core_ext/benchmark.rb:12:in `block in ms'
  /home/daniel/.rvm/rubies/ruby-2.6.6/lib/ruby/2.6.0/benchmark.rb:308:in `realtime'
  activesupport (4.2.10) lib/active_support/core_ext/benchmark.rb:12:in `ms'
  actionpack (4.2.10) lib/action_controller/metal/instrumentation.rb:44:in `block in render'
  actionpack (4.2.10) lib/action_controller/metal/instrumentation.rb:87:in `cleanup_view_runtime'
  activerecord (4.2.10) lib/active_record/railties/controller_runtime.rb:25:in `cleanup_view_runtime'
  actionpack (4.2.10) lib/action_controller/metal/instrumentation.rb:43:in `render'
  actionpack (4.2.10) lib/action_controller/metal/implicit_render.rb:10:in `default_render'
  actionpack (4.2.10) lib/action_controller/metal/implicit_render.rb:5:in `send_action'
  actionpack (4.2.10) lib/abstract_controller/base.rb:198:in `process_action'
  actionpack (4.2.10) lib/action_controller/metal/rendering.rb:10:in `process_action'
  actionpack (4.2.10) lib/abstract_controller/callbacks.rb:20:in `block in process_action'
  activesupport (4.2.10) lib/active_support/callbacks.rb:117:in `call'
  activesupport (4.2.10) lib/active_support/callbacks.rb:555:in `block (2 levels) in compile'
  activesupport (4.2.10) lib/active_support/callbacks.rb:505:in `call'
  activesupport (4.2.10) lib/active_support/callbacks.rb:92:in `__run_callbacks__'
  activesupport (4.2.10) lib/active_support/callbacks.rb:778:in `_run_process_action_callbacks'
  activesupport (4.2.10) lib/active_support/callbacks.rb:81:in `run_callbacks'
  actionpack (4.2.10) lib/abstract_controller/callbacks.rb:19:in `process_action'
  actionpack (4.2.10) lib/action_controller/metal/rescue.rb:29:in `process_action'
  actionpack (4.2.10) lib/action_controller/metal/instrumentation.rb:32:in `block in process_action'
  activesupport (4.2.10) lib/active_support/notifications.rb:164:in `block in instrument'
  activesupport (4.2.10) lib/active_support/notifications/instrumenter.rb:20:in `instrument'
  activesupport (4.2.10) lib/active_support/notifications.rb:164:in `instrument'
  actionpack (4.2.10) lib/action_controller/metal/instrumentation.rb:30:in `process_action'
  actionpack (4.2.10) lib/action_controller/metal/params_wrapper.rb:250:in `process_action'
  activerecord (4.2.10) lib/active_record/railties/controller_runtime.rb:18:in `process_action'
  actionpack (4.2.10) lib/abstract_controller/base.rb:137:in `process'
  actionview (4.2.10) lib/action_view/rendering.rb:30:in `process'
  actionpack (4.2.10) lib/action_controller/metal.rb:196:in `dispatch'
  actionpack (4.2.10) lib/action_controller/metal/rack_delegation.rb:13:in `dispatch'
  actionpack (4.2.10) lib/action_controller/metal.rb:237:in `block in action'
  actionpack (4.2.10) lib/action_dispatch/routing/route_set.rb:74:in `dispatch'
  actionpack (4.2.10) lib/action_dispatch/routing/route_set.rb:43:in `serve'
  actionpack (4.2.10) lib/action_dispatch/journey/router.rb:43:in `block in serve'
  actionpack (4.2.10) lib/action_dispatch/journey/router.rb:30:in `each'
  actionpack (4.2.10) lib/action_dispatch/journey/router.rb:30:in `serve'
  actionpack (4.2.10) lib/action_dispatch/routing/route_set.rb:817:in `call'
  rack (1.6.10) lib/rack/etag.rb:24:in `call'
  rack (1.6.10) lib/rack/conditionalget.rb:25:in `call'
  rack (1.6.10) lib/rack/head.rb:13:in `call'
  actionpack (4.2.10) lib/action_dispatch/middleware/params_parser.rb:27:in `call'
  actionpack (4.2.10) lib/action_dispatch/middleware/flash.rb:260:in `call'
  rack (1.6.10) lib/rack/session/abstract/id.rb:225:in `context'
  rack (1.6.10) lib/rack/session/abstract/id.rb:220:in `call'
  actionpack (4.2.10) lib/action_dispatch/middleware/cookies.rb:560:in `call'
  activerecord (4.2.10) lib/active_record/query_cache.rb:36:in `call'
  activerecord (4.2.10) lib/active_record/connection_adapters/abstract/connection_pool.rb:653:in `call'
  actionpack (4.2.10) lib/action_dispatch/middleware/callbacks.rb:29:in `block in call'
  activesupport (4.2.10) lib/active_support/callbacks.rb:88:in `__run_callbacks__'
  activesupport (4.2.10) lib/active_support/callbacks.rb:778:in `_run_call_callbacks'
  activesupport (4.2.10) lib/active_support/callbacks.rb:81:in `run_callbacks'
  actionpack (4.2.10) lib/action_dispatch/middleware/callbacks.rb:27:in `call'
  actionpack (4.2.10) lib/action_dispatch/middleware/reloader.rb:73:in `call'
  actionpack (4.2.10) lib/action_dispatch/middleware/remote_ip.rb:78:in `call'
  actionpack (4.2.10) lib/action_dispatch/middleware/debug_exceptions.rb:17:in `call'
  actionpack (4.2.10) lib/action_dispatch/middleware/show_exceptions.rb:30:in `call'
  railties (4.2.10) lib/rails/rack/logger.rb:38:in `call_app'
  railties (4.2.10) lib/rails/rack/logger.rb:20:in `block in call'
  activesupport (4.2.10) lib/active_support/tagged_logging.rb:68:in `block in tagged'
  activesupport (4.2.10) lib/active_support/tagged_logging.rb:26:in `tagged'
  activesupport (4.2.10) lib/active_support/tagged_logging.rb:68:in `tagged'
  railties (4.2.10) lib/rails/rack/logger.rb:20:in `call'
  actionpack (4.2.10) lib/action_dispatch/middleware/request_id.rb:21:in `call'
  rack (1.6.10) lib/rack/methodoverride.rb:22:in `call'
  rack (1.6.10) lib/rack/runtime.rb:18:in `call'
  activesupport (4.2.10) lib/active_support/cache/strategy/local_cache_middleware.rb:28:in `call'
  rack (1.6.10) lib/rack/lock.rb:17:in `call'
  actionpack (4.2.10) lib/action_dispatch/middleware/static.rb:120:in `call'
  rack (1.6.10) lib/rack/sendfile.rb:113:in `call'
  railties (4.2.10) lib/rails/engine.rb:518:in `call'
  railties (4.2.10) lib/rails/application.rb:165:in `call'
  rack (1.6.10) lib/rack/lock.rb:17:in `call'
  rack (1.6.10) lib/rack/content_length.rb:15:in `call'
  rack (1.6.10) lib/rack/handler/webrick.rb:88:in `service'
  /home/daniel/.rvm/rubies/ruby-2.6.6/lib/ruby/2.6.0/webrick/httpserver.rb:140:in `service'
  /home/daniel/.rvm/rubies/ruby-2.6.6/lib/ruby/2.6.0/webrick/httpserver.rb:96:in `run'
  /home/daniel/.rvm/rubies/ruby-2.6.6/lib/ruby/2.6.0/webrick/server.rb:307:in `block in start_thread'


  Rendered /home/daniel/.rvm/gems/ruby-2.6.6/gems/actionpack-4.2.10/lib/action_dispatch/middleware/templates/rescues/_source.erb (7.5ms)
  Rendered /home/daniel/.rvm/gems/ruby-2.6.6/gems/actionpack-4.2.10/lib/action_dispatch/middleware/templates/rescues/_trace.html.erb (2.7ms)
  Rendered /home/daniel/.rvm/gems/ruby-2.6.6/gems/actionpack-4.2.10/lib/action_dispatch/middleware/templates/rescues/_request_and_response.html.erb (1.1ms)
  Rendered /home/daniel/.rvm/gems/ruby-2.6.6/gems/actionpack-4.2.10/lib/action_dispatch/middleware/templates/rescues/missing_template.html.erb within rescues/layout (16.9ms)


Started GET "/movies" for 127.0.0.1 at 2023-12-27 17:16:54 -0500
Processing by MoviesController#index as HTML
  [1m[36mMovie Load (2.2ms)[0m  [1mSELECT "movies".* FROM "movies"[0m
  Rendered movies/index.html.erb within layouts/application (10.9ms)
  Rendered layouts/_flash.erb (0.2ms)
Completed 200 OK in 442ms (Views: 410.4ms | ActiveRecord: 2.2ms)


Started GET "/movies/1" for 127.0.0.1 at 2023-12-27 17:16:56 -0500
Processing by MoviesController#show as HTML
  Parameters: {"id"=>"1"}
  [1m[35mMovie Load (2.6ms)[0m  SELECT  "movies".* FROM "movies" WHERE "movies"."id" = ? LIMIT 1  [["id", 1]]
  Rendered movies/show.html.erb within layouts/application (1.0ms)
  Rendered layouts/_flash.erb (0.4ms)
Completed 200 OK in 385ms (Views: 380.9ms | ActiveRecord: 2.6ms)


Started GET "/movies/1/similar" for 127.0.0.1 at 2023-12-27 17:16:58 -0500
Processing by MoviesController#similar as HTML
  Parameters: {"id"=>"1"}
  [1m[36mMovie Load (6.2ms)[0m  [1mSELECT  "movies".* FROM "movies" WHERE "movies"."id" = ? LIMIT 1[0m  [["id", 1]]
Completed 500 Internal Server Error in 182ms (ActiveRecord: 6.2ms)

ActionView::MissingTemplate (Missing template movies/similar, application/similar with {:locale=>[:en], :formats=>[:html], :variants=>[], :handlers=>[:erb, :builder, :raw, :ruby]}. Searched in:
  * "/mnt/c/Users/Daniel/Desktop/ExamenSustitutorio-CC3S2/Actividad-ES/app/views"
):
  actionview (4.2.10) lib/action_view/path_set.rb:46:in `find'
  actionview (4.2.10) lib/action_view/lookup_context.rb:121:in `find'
  actionview (4.2.10) lib/action_view/renderer/abstract_renderer.rb:18:in `find_template'
  actionview (4.2.10) lib/action_view/renderer/template_renderer.rb:40:in `determine_template'
  actionview (4.2.10) lib/action_view/renderer/template_renderer.rb:8:in `render'
  actionview (4.2.10) lib/action_view/renderer/renderer.rb:46:in `render_template'
  actionview (4.2.10) lib/action_view/renderer/renderer.rb:27:in `render'
  actionview (4.2.10) lib/action_view/rendering.rb:100:in `_render_template'
  actionpack (4.2.10) lib/action_controller/metal/streaming.rb:217:in `_render_template'
  actionview (4.2.10) lib/action_view/rendering.rb:83:in `render_to_body'
  actionpack (4.2.10) lib/action_controller/metal/rendering.rb:32:in `render_to_body'
  actionpack (4.2.10) lib/action_controller/metal/renderers.rb:37:in `render_to_body'
  actionpack (4.2.10) lib/abstract_controller/rendering.rb:25:in `render'
  actionpack (4.2.10) lib/action_controller/metal/rendering.rb:16:in `render'
  actionpack (4.2.10) lib/action_controller/metal/instrumentation.rb:44:in `block (2 levels) in render'
  activesupport (4.2.10) lib/active_support/core_ext/benchmark.rb:12:in `block in ms'
  /home/daniel/.rvm/rubies/ruby-2.6.6/lib/ruby/2.6.0/benchmark.rb:308:in `realtime'
  activesupport (4.2.10) lib/active_support/core_ext/benchmark.rb:12:in `ms'
  actionpack (4.2.10) lib/action_controller/metal/instrumentation.rb:44:in `block in render'
  actionpack (4.2.10) lib/action_controller/metal/instrumentation.rb:87:in `cleanup_view_runtime'
  activerecord (4.2.10) lib/active_record/railties/controller_runtime.rb:25:in `cleanup_view_runtime'
  actionpack (4.2.10) lib/action_controller/metal/instrumentation.rb:43:in `render'
  actionpack (4.2.10) lib/action_controller/metal/implicit_render.rb:10:in `default_render'
  actionpack (4.2.10) lib/action_controller/metal/implicit_render.rb:5:in `send_action'
  actionpack (4.2.10) lib/abstract_controller/base.rb:198:in `process_action'
  actionpack (4.2.10) lib/action_controller/metal/rendering.rb:10:in `process_action'
  actionpack (4.2.10) lib/abstract_controller/callbacks.rb:20:in `block in process_action'
  activesupport (4.2.10) lib/active_support/callbacks.rb:117:in `call'
  activesupport (4.2.10) lib/active_support/callbacks.rb:555:in `block (2 levels) in compile'
  activesupport (4.2.10) lib/active_support/callbacks.rb:505:in `call'
  activesupport (4.2.10) lib/active_support/callbacks.rb:92:in `__run_callbacks__'
  activesupport (4.2.10) lib/active_support/callbacks.rb:778:in `_run_process_action_callbacks'
  activesupport (4.2.10) lib/active_support/callbacks.rb:81:in `run_callbacks'
  actionpack (4.2.10) lib/abstract_controller/callbacks.rb:19:in `process_action'
  actionpack (4.2.10) lib/action_controller/metal/rescue.rb:29:in `process_action'
  actionpack (4.2.10) lib/action_controller/metal/instrumentation.rb:32:in `block in process_action'
  activesupport (4.2.10) lib/active_support/notifications.rb:164:in `block in instrument'
  activesupport (4.2.10) lib/active_support/notifications/instrumenter.rb:20:in `instrument'
  activesupport (4.2.10) lib/active_support/notifications.rb:164:in `instrument'
  actionpack (4.2.10) lib/action_controller/metal/instrumentation.rb:30:in `process_action'
  actionpack (4.2.10) lib/action_controller/metal/params_wrapper.rb:250:in `process_action'
  activerecord (4.2.10) lib/active_record/railties/controller_runtime.rb:18:in `process_action'
  actionpack (4.2.10) lib/abstract_controller/base.rb:137:in `process'
  actionview (4.2.10) lib/action_view/rendering.rb:30:in `process'
  actionpack (4.2.10) lib/action_controller/metal.rb:196:in `dispatch'
  actionpack (4.2.10) lib/action_controller/metal/rack_delegation.rb:13:in `dispatch'
  actionpack (4.2.10) lib/action_controller/metal.rb:237:in `block in action'
  actionpack (4.2.10) lib/action_dispatch/routing/route_set.rb:74:in `dispatch'
  actionpack (4.2.10) lib/action_dispatch/routing/route_set.rb:43:in `serve'
  actionpack (4.2.10) lib/action_dispatch/journey/router.rb:43:in `block in serve'
  actionpack (4.2.10) lib/action_dispatch/journey/router.rb:30:in `each'
  actionpack (4.2.10) lib/action_dispatch/journey/router.rb:30:in `serve'
  actionpack (4.2.10) lib/action_dispatch/routing/route_set.rb:817:in `call'
  rack (1.6.10) lib/rack/etag.rb:24:in `call'
  rack (1.6.10) lib/rack/conditionalget.rb:25:in `call'
  rack (1.6.10) lib/rack/head.rb:13:in `call'
  actionpack (4.2.10) lib/action_dispatch/middleware/params_parser.rb:27:in `call'
  actionpack (4.2.10) lib/action_dispatch/middleware/flash.rb:260:in `call'
  rack (1.6.10) lib/rack/session/abstract/id.rb:225:in `context'
  rack (1.6.10) lib/rack/session/abstract/id.rb:220:in `call'
  actionpack (4.2.10) lib/action_dispatch/middleware/cookies.rb:560:in `call'
  activerecord (4.2.10) lib/active_record/query_cache.rb:36:in `call'
  activerecord (4.2.10) lib/active_record/connection_adapters/abstract/connection_pool.rb:653:in `call'
  actionpack (4.2.10) lib/action_dispatch/middleware/callbacks.rb:29:in `block in call'
  activesupport (4.2.10) lib/active_support/callbacks.rb:88:in `__run_callbacks__'
  activesupport (4.2.10) lib/active_support/callbacks.rb:778:in `_run_call_callbacks'
  activesupport (4.2.10) lib/active_support/callbacks.rb:81:in `run_callbacks'
  actionpack (4.2.10) lib/action_dispatch/middleware/callbacks.rb:27:in `call'
  actionpack (4.2.10) lib/action_dispatch/middleware/reloader.rb:73:in `call'
  actionpack (4.2.10) lib/action_dispatch/middleware/remote_ip.rb:78:in `call'
  actionpack (4.2.10) lib/action_dispatch/middleware/debug_exceptions.rb:17:in `call'
  actionpack (4.2.10) lib/action_dispatch/middleware/show_exceptions.rb:30:in `call'
  railties (4.2.10) lib/rails/rack/logger.rb:38:in `call_app'
  railties (4.2.10) lib/rails/rack/logger.rb:20:in `block in call'
  activesupport (4.2.10) lib/active_support/tagged_logging.rb:68:in `block in tagged'
  activesupport (4.2.10) lib/active_support/tagged_logging.rb:26:in `tagged'
  activesupport (4.2.10) lib/active_support/tagged_logging.rb:68:in `tagged'
  railties (4.2.10) lib/rails/rack/logger.rb:20:in `call'
  actionpack (4.2.10) lib/action_dispatch/middleware/request_id.rb:21:in `call'
  rack (1.6.10) lib/rack/methodoverride.rb:22:in `call'
  rack (1.6.10) lib/rack/runtime.rb:18:in `call'
  activesupport (4.2.10) lib/active_support/cache/strategy/local_cache_middleware.rb:28:in `call'
  rack (1.6.10) lib/rack/lock.rb:17:in `call'
  actionpack (4.2.10) lib/action_dispatch/middleware/static.rb:120:in `call'
  rack (1.6.10) lib/rack/sendfile.rb:113:in `call'
  railties (4.2.10) lib/rails/engine.rb:518:in `call'
  railties (4.2.10) lib/rails/application.rb:165:in `call'
  rack (1.6.10) lib/rack/lock.rb:17:in `call'
  rack (1.6.10) lib/rack/content_length.rb:15:in `call'
  rack (1.6.10) lib/rack/handler/webrick.rb:88:in `service'
  /home/daniel/.rvm/rubies/ruby-2.6.6/lib/ruby/2.6.0/webrick/httpserver.rb:140:in `service'
  /home/daniel/.rvm/rubies/ruby-2.6.6/lib/ruby/2.6.0/webrick/httpserver.rb:96:in `run'
  /home/daniel/.rvm/rubies/ruby-2.6.6/lib/ruby/2.6.0/webrick/server.rb:307:in `block in start_thread'


  Rendered /home/daniel/.rvm/gems/ruby-2.6.6/gems/actionpack-4.2.10/lib/action_dispatch/middleware/templates/rescues/_source.erb (2.7ms)
  Rendered /home/daniel/.rvm/gems/ruby-2.6.6/gems/actionpack-4.2.10/lib/action_dispatch/middleware/templates/rescues/_trace.html.erb (1.3ms)
  Rendered /home/daniel/.rvm/gems/ruby-2.6.6/gems/actionpack-4.2.10/lib/action_dispatch/middleware/templates/rescues/_request_and_response.html.erb (0.7ms)
  Rendered /home/daniel/.rvm/gems/ruby-2.6.6/gems/actionpack-4.2.10/lib/action_dispatch/middleware/templates/rescues/missing_template.html.erb within rescues/layout (10.4ms)


Started GET "/movies/1/similar" for 127.0.0.1 at 2023-12-27 17:18:00 -0500
Processing by MoviesController#similar as HTML
  Parameters: {"id"=>"1"}
  [1m[35mMovie Load (4.3ms)[0m  SELECT  "movies".* FROM "movies" WHERE "movies"."id" = ? LIMIT 1  [["id", 1]]
Completed 500 Internal Server Error in 121ms (ActiveRecord: 4.3ms)

ActionView::MissingTemplate (Missing template movies/similar, application/similar with {:locale=>[:en], :formats=>[:html], :variants=>[], :handlers=>[:erb, :builder, :raw, :ruby]}. Searched in:
  * "/mnt/c/Users/Daniel/Desktop/ExamenSustitutorio-CC3S2/Actividad-ES/app/views"
):
  actionview (4.2.10) lib/action_view/path_set.rb:46:in `find'
  actionview (4.2.10) lib/action_view/lookup_context.rb:121:in `find'
  actionview (4.2.10) lib/action_view/renderer/abstract_renderer.rb:18:in `find_template'
  actionview (4.2.10) lib/action_view/renderer/template_renderer.rb:40:in `determine_template'
  actionview (4.2.10) lib/action_view/renderer/template_renderer.rb:8:in `render'
  actionview (4.2.10) lib/action_view/renderer/renderer.rb:46:in `render_template'
  actionview (4.2.10) lib/action_view/renderer/renderer.rb:27:in `render'
  actionview (4.2.10) lib/action_view/rendering.rb:100:in `_render_template'
  actionpack (4.2.10) lib/action_controller/metal/streaming.rb:217:in `_render_template'
  actionview (4.2.10) lib/action_view/rendering.rb:83:in `render_to_body'
  actionpack (4.2.10) lib/action_controller/metal/rendering.rb:32:in `render_to_body'
  actionpack (4.2.10) lib/action_controller/metal/renderers.rb:37:in `render_to_body'
  actionpack (4.2.10) lib/abstract_controller/rendering.rb:25:in `render'
  actionpack (4.2.10) lib/action_controller/metal/rendering.rb:16:in `render'
  actionpack (4.2.10) lib/action_controller/metal/instrumentation.rb:44:in `block (2 levels) in render'
  activesupport (4.2.10) lib/active_support/core_ext/benchmark.rb:12:in `block in ms'
  /home/daniel/.rvm/rubies/ruby-2.6.6/lib/ruby/2.6.0/benchmark.rb:308:in `realtime'
  activesupport (4.2.10) lib/active_support/core_ext/benchmark.rb:12:in `ms'
  actionpack (4.2.10) lib/action_controller/metal/instrumentation.rb:44:in `block in render'
  actionpack (4.2.10) lib/action_controller/metal/instrumentation.rb:87:in `cleanup_view_runtime'
  activerecord (4.2.10) lib/active_record/railties/controller_runtime.rb:25:in `cleanup_view_runtime'
  actionpack (4.2.10) lib/action_controller/metal/instrumentation.rb:43:in `render'
  actionpack (4.2.10) lib/action_controller/metal/implicit_render.rb:10:in `default_render'
  actionpack (4.2.10) lib/action_controller/metal/implicit_render.rb:5:in `send_action'
  actionpack (4.2.10) lib/abstract_controller/base.rb:198:in `process_action'
  actionpack (4.2.10) lib/action_controller/metal/rendering.rb:10:in `process_action'
  actionpack (4.2.10) lib/abstract_controller/callbacks.rb:20:in `block in process_action'
  activesupport (4.2.10) lib/active_support/callbacks.rb:117:in `call'
  activesupport (4.2.10) lib/active_support/callbacks.rb:555:in `block (2 levels) in compile'
  activesupport (4.2.10) lib/active_support/callbacks.rb:505:in `call'
  activesupport (4.2.10) lib/active_support/callbacks.rb:92:in `__run_callbacks__'
  activesupport (4.2.10) lib/active_support/callbacks.rb:778:in `_run_process_action_callbacks'
  activesupport (4.2.10) lib/active_support/callbacks.rb:81:in `run_callbacks'
  actionpack (4.2.10) lib/abstract_controller/callbacks.rb:19:in `process_action'
  actionpack (4.2.10) lib/action_controller/metal/rescue.rb:29:in `process_action'
  actionpack (4.2.10) lib/action_controller/metal/instrumentation.rb:32:in `block in process_action'
  activesupport (4.2.10) lib/active_support/notifications.rb:164:in `block in instrument'
  activesupport (4.2.10) lib/active_support/notifications/instrumenter.rb:20:in `instrument'
  activesupport (4.2.10) lib/active_support/notifications.rb:164:in `instrument'
  actionpack (4.2.10) lib/action_controller/metal/instrumentation.rb:30:in `process_action'
  actionpack (4.2.10) lib/action_controller/metal/params_wrapper.rb:250:in `process_action'
  activerecord (4.2.10) lib/active_record/railties/controller_runtime.rb:18:in `process_action'
  actionpack (4.2.10) lib/abstract_controller/base.rb:137:in `process'
  actionview (4.2.10) lib/action_view/rendering.rb:30:in `process'
  actionpack (4.2.10) lib/action_controller/metal.rb:196:in `dispatch'
  actionpack (4.2.10) lib/action_controller/metal/rack_delegation.rb:13:in `dispatch'
  actionpack (4.2.10) lib/action_controller/metal.rb:237:in `block in action'
  actionpack (4.2.10) lib/action_dispatch/routing/route_set.rb:74:in `dispatch'
  actionpack (4.2.10) lib/action_dispatch/routing/route_set.rb:43:in `serve'
  actionpack (4.2.10) lib/action_dispatch/journey/router.rb:43:in `block in serve'
  actionpack (4.2.10) lib/action_dispatch/journey/router.rb:30:in `each'
  actionpack (4.2.10) lib/action_dispatch/journey/router.rb:30:in `serve'
  actionpack (4.2.10) lib/action_dispatch/routing/route_set.rb:817:in `call'
  rack (1.6.10) lib/rack/etag.rb:24:in `call'
  rack (1.6.10) lib/rack/conditionalget.rb:25:in `call'
  rack (1.6.10) lib/rack/head.rb:13:in `call'
  actionpack (4.2.10) lib/action_dispatch/middleware/params_parser.rb:27:in `call'
  actionpack (4.2.10) lib/action_dispatch/middleware/flash.rb:260:in `call'
  rack (1.6.10) lib/rack/session/abstract/id.rb:225:in `context'
  rack (1.6.10) lib/rack/session/abstract/id.rb:220:in `call'
  actionpack (4.2.10) lib/action_dispatch/middleware/cookies.rb:560:in `call'
  activerecord (4.2.10) lib/active_record/query_cache.rb:36:in `call'
  activerecord (4.2.10) lib/active_record/connection_adapters/abstract/connection_pool.rb:653:in `call'
  actionpack (4.2.10) lib/action_dispatch/middleware/callbacks.rb:29:in `block in call'
  activesupport (4.2.10) lib/active_support/callbacks.rb:88:in `__run_callbacks__'
  activesupport (4.2.10) lib/active_support/callbacks.rb:778:in `_run_call_callbacks'
  activesupport (4.2.10) lib/active_support/callbacks.rb:81:in `run_callbacks'
  actionpack (4.2.10) lib/action_dispatch/middleware/callbacks.rb:27:in `call'
  actionpack (4.2.10) lib/action_dispatch/middleware/reloader.rb:73:in `call'
  actionpack (4.2.10) lib/action_dispatch/middleware/remote_ip.rb:78:in `call'
  actionpack (4.2.10) lib/action_dispatch/middleware/debug_exceptions.rb:17:in `call'
  actionpack (4.2.10) lib/action_dispatch/middleware/show_exceptions.rb:30:in `call'
  railties (4.2.10) lib/rails/rack/logger.rb:38:in `call_app'
  railties (4.2.10) lib/rails/rack/logger.rb:20:in `block in call'
  activesupport (4.2.10) lib/active_support/tagged_logging.rb:68:in `block in tagged'
  activesupport (4.2.10) lib/active_support/tagged_logging.rb:26:in `tagged'
  activesupport (4.2.10) lib/active_support/tagged_logging.rb:68:in `tagged'
  railties (4.2.10) lib/rails/rack/logger.rb:20:in `call'
  actionpack (4.2.10) lib/action_dispatch/middleware/request_id.rb:21:in `call'
  rack (1.6.10) lib/rack/methodoverride.rb:22:in `call'
  rack (1.6.10) lib/rack/runtime.rb:18:in `call'
  activesupport (4.2.10) lib/active_support/cache/strategy/local_cache_middleware.rb:28:in `call'
  rack (1.6.10) lib/rack/lock.rb:17:in `call'
  actionpack (4.2.10) lib/action_dispatch/middleware/static.rb:120:in `call'
  rack (1.6.10) lib/rack/sendfile.rb:113:in `call'
  railties (4.2.10) lib/rails/engine.rb:518:in `call'
  railties (4.2.10) lib/rails/application.rb:165:in `call'
  rack (1.6.10) lib/rack/lock.rb:17:in `call'
  rack (1.6.10) lib/rack/content_length.rb:15:in `call'
  rack (1.6.10) lib/rack/handler/webrick.rb:88:in `service'
  /home/daniel/.rvm/rubies/ruby-2.6.6/lib/ruby/2.6.0/webrick/httpserver.rb:140:in `service'
  /home/daniel/.rvm/rubies/ruby-2.6.6/lib/ruby/2.6.0/webrick/httpserver.rb:96:in `run'
  /home/daniel/.rvm/rubies/ruby-2.6.6/lib/ruby/2.6.0/webrick/server.rb:307:in `block in start_thread'


  Rendered /home/daniel/.rvm/gems/ruby-2.6.6/gems/actionpack-4.2.10/lib/action_dispatch/middleware/templates/rescues/_source.erb (2.3ms)
  Rendered /home/daniel/.rvm/gems/ruby-2.6.6/gems/actionpack-4.2.10/lib/action_dispatch/middleware/templates/rescues/_trace.html.erb (1.1ms)
  Rendered /home/daniel/.rvm/gems/ruby-2.6.6/gems/actionpack-4.2.10/lib/action_dispatch/middleware/templates/rescues/_request_and_response.html.erb (0.6ms)
  Rendered /home/daniel/.rvm/gems/ruby-2.6.6/gems/actionpack-4.2.10/lib/action_dispatch/middleware/templates/rescues/missing_template.html.erb within rescues/layout (9.0ms)


Started GET "/movies" for 127.0.0.1 at 2023-12-27 17:18:23 -0500
Processing by MoviesController#index as HTML
  [1m[36mMovie Load (1.8ms)[0m  [1mSELECT "movies".* FROM "movies"[0m
  Rendered movies/index.html.erb within layouts/application (42.7ms)
  Rendered layouts/_flash.erb (0.4ms)
Completed 200 OK in 1379ms (Views: 982.6ms | ActiveRecord: 23.6ms)


Started GET "/movies" for 127.0.0.1 at 2023-12-27 17:55:59 -0500
Processing by MoviesController#index as HTML
  [1m[35mMovie Load (2.1ms)[0m  SELECT "movies".* FROM "movies"
  Rendered movies/index.html.erb within layouts/application (6.4ms)
  Rendered layouts/_flash.erb (0.1ms)
Completed 200 OK in 1045ms (Views: 1028.5ms | ActiveRecord: 2.1ms)


Started GET "/assets/movie_form_validation.self-4df360c40ef61c55f7f94a9f9f52f3e4029eabaf80f9ff946c4c63fa8ee05102.js?body=1" for 127.0.0.1 at 2023-12-27 17:56:00 -0500


Started GET "/movies/new" for 127.0.0.1 at 2023-12-27 17:56:03 -0500
Processing by MoviesController#new as HTML
  Rendered movies/new.html.erb within layouts/application (112.4ms)
  Rendered layouts/_flash.erb (0.1ms)
Completed 200 OK in 494ms (Views: 493.4ms | ActiveRecord: 0.0ms)


Started POST "/movies" for 127.0.0.1 at 2023-12-27 17:56:10 -0500
Processing by MoviesController#create as HTML
  Parameters: {"utf8"=>"✓", "authenticity_token"=>"s8UtRWYWEbwtS4FZa4nRzOFSY/KQGkgZSu8pvm/hYigXo+Nxre9dgUdU2nzDpznxYKOMwBTcMUK194O5Ijr/7w==", "movie"=>{"title"=>"", "rating"=>"G", "release_date(1i)"=>"2023", "release_date(2i)"=>"12", "release_date(3i)"=>"27"}, "commit"=>"Save Changes"}
Completed 500 Internal Server Error in 149ms (ActiveRecord: 0.0ms)

ActionView::MissingTemplate (Missing template movies/create, application/create with {:locale=>[:en], :formats=>[:html], :variants=>[], :handlers=>[:erb, :builder, :raw, :ruby]}. Searched in:
  * "/mnt/c/Users/Daniel/Desktop/ExamenSustitutorio-CC3S2/Actividad-ES/app/views"
):
  actionview (4.2.10) lib/action_view/path_set.rb:46:in `find'
  actionview (4.2.10) lib/action_view/lookup_context.rb:121:in `find'
  actionview (4.2.10) lib/action_view/renderer/abstract_renderer.rb:18:in `find_template'
  actionview (4.2.10) lib/action_view/renderer/template_renderer.rb:40:in `determine_template'
  actionview (4.2.10) lib/action_view/renderer/template_renderer.rb:8:in `render'
  actionview (4.2.10) lib/action_view/renderer/renderer.rb:46:in `render_template'
  actionview (4.2.10) lib/action_view/renderer/renderer.rb:27:in `render'
  actionview (4.2.10) lib/action_view/rendering.rb:100:in `_render_template'
  actionpack (4.2.10) lib/action_controller/metal/streaming.rb:217:in `_render_template'
  actionview (4.2.10) lib/action_view/rendering.rb:83:in `render_to_body'
  actionpack (4.2.10) lib/action_controller/metal/rendering.rb:32:in `render_to_body'
  actionpack (4.2.10) lib/action_controller/metal/renderers.rb:37:in `render_to_body'
  actionpack (4.2.10) lib/abstract_controller/rendering.rb:25:in `render'
  actionpack (4.2.10) lib/action_controller/metal/rendering.rb:16:in `render'
  actionpack (4.2.10) lib/action_controller/metal/instrumentation.rb:44:in `block (2 levels) in render'
  activesupport (4.2.10) lib/active_support/core_ext/benchmark.rb:12:in `block in ms'
  /home/daniel/.rvm/rubies/ruby-2.6.6/lib/ruby/2.6.0/benchmark.rb:308:in `realtime'
  activesupport (4.2.10) lib/active_support/core_ext/benchmark.rb:12:in `ms'
  actionpack (4.2.10) lib/action_controller/metal/instrumentation.rb:44:in `block in render'
  actionpack (4.2.10) lib/action_controller/metal/instrumentation.rb:87:in `cleanup_view_runtime'
  activerecord (4.2.10) lib/active_record/railties/controller_runtime.rb:25:in `cleanup_view_runtime'
  actionpack (4.2.10) lib/action_controller/metal/instrumentation.rb:43:in `render'
  actionpack (4.2.10) lib/action_controller/metal/implicit_render.rb:10:in `default_render'
  actionpack (4.2.10) lib/action_controller/metal/implicit_render.rb:5:in `send_action'
  actionpack (4.2.10) lib/abstract_controller/base.rb:198:in `process_action'
  actionpack (4.2.10) lib/action_controller/metal/rendering.rb:10:in `process_action'
  actionpack (4.2.10) lib/abstract_controller/callbacks.rb:20:in `block in process_action'
  activesupport (4.2.10) lib/active_support/callbacks.rb:117:in `call'
  activesupport (4.2.10) lib/active_support/callbacks.rb:555:in `block (2 levels) in compile'
  activesupport (4.2.10) lib/active_support/callbacks.rb:505:in `call'
  activesupport (4.2.10) lib/active_support/callbacks.rb:92:in `__run_callbacks__'
  activesupport (4.2.10) lib/active_support/callbacks.rb:778:in `_run_process_action_callbacks'
  activesupport (4.2.10) lib/active_support/callbacks.rb:81:in `run_callbacks'
  actionpack (4.2.10) lib/abstract_controller/callbacks.rb:19:in `process_action'
  actionpack (4.2.10) lib/action_controller/metal/rescue.rb:29:in `process_action'
  actionpack (4.2.10) lib/action_controller/metal/instrumentation.rb:32:in `block in process_action'
  activesupport (4.2.10) lib/active_support/notifications.rb:164:in `block in instrument'
  activesupport (4.2.10) lib/active_support/notifications/instrumenter.rb:20:in `instrument'
  activesupport (4.2.10) lib/active_support/notifications.rb:164:in `instrument'
  actionpack (4.2.10) lib/action_controller/metal/instrumentation.rb:30:in `process_action'
  actionpack (4.2.10) lib/action_controller/metal/params_wrapper.rb:250:in `process_action'
  activerecord (4.2.10) lib/active_record/railties/controller_runtime.rb:18:in `process_action'
  actionpack (4.2.10) lib/abstract_controller/base.rb:137:in `process'
  actionview (4.2.10) lib/action_view/rendering.rb:30:in `process'
  actionpack (4.2.10) lib/action_controller/metal.rb:196:in `dispatch'
  actionpack (4.2.10) lib/action_controller/metal/rack_delegation.rb:13:in `dispatch'
  actionpack (4.2.10) lib/action_controller/metal.rb:237:in `block in action'
  actionpack (4.2.10) lib/action_dispatch/routing/route_set.rb:74:in `dispatch'
  actionpack (4.2.10) lib/action_dispatch/routing/route_set.rb:43:in `serve'
  actionpack (4.2.10) lib/action_dispatch/journey/router.rb:43:in `block in serve'
  actionpack (4.2.10) lib/action_dispatch/journey/router.rb:30:in `each'
  actionpack (4.2.10) lib/action_dispatch/journey/router.rb:30:in `serve'
  actionpack (4.2.10) lib/action_dispatch/routing/route_set.rb:817:in `call'
  rack (1.6.10) lib/rack/etag.rb:24:in `call'
  rack (1.6.10) lib/rack/conditionalget.rb:38:in `call'
  rack (1.6.10) lib/rack/head.rb:13:in `call'
  actionpack (4.2.10) lib/action_dispatch/middleware/params_parser.rb:27:in `call'
  actionpack (4.2.10) lib/action_dispatch/middleware/flash.rb:260:in `call'
  rack (1.6.10) lib/rack/session/abstract/id.rb:225:in `context'
  rack (1.6.10) lib/rack/session/abstract/id.rb:220:in `call'
  actionpack (4.2.10) lib/action_dispatch/middleware/cookies.rb:560:in `call'
  activerecord (4.2.10) lib/active_record/query_cache.rb:36:in `call'
  activerecord (4.2.10) lib/active_record/connection_adapters/abstract/connection_pool.rb:653:in `call'
  actionpack (4.2.10) lib/action_dispatch/middleware/callbacks.rb:29:in `block in call'
  activesupport (4.2.10) lib/active_support/callbacks.rb:88:in `__run_callbacks__'
  activesupport (4.2.10) lib/active_support/callbacks.rb:778:in `_run_call_callbacks'
  activesupport (4.2.10) lib/active_support/callbacks.rb:81:in `run_callbacks'
  actionpack (4.2.10) lib/action_dispatch/middleware/callbacks.rb:27:in `call'
  actionpack (4.2.10) lib/action_dispatch/middleware/reloader.rb:73:in `call'
  actionpack (4.2.10) lib/action_dispatch/middleware/remote_ip.rb:78:in `call'
  actionpack (4.2.10) lib/action_dispatch/middleware/debug_exceptions.rb:17:in `call'
  actionpack (4.2.10) lib/action_dispatch/middleware/show_exceptions.rb:30:in `call'
  railties (4.2.10) lib/rails/rack/logger.rb:38:in `call_app'
  railties (4.2.10) lib/rails/rack/logger.rb:20:in `block in call'
  activesupport (4.2.10) lib/active_support/tagged_logging.rb:68:in `block in tagged'
  activesupport (4.2.10) lib/active_support/tagged_logging.rb:26:in `tagged'
  activesupport (4.2.10) lib/active_support/tagged_logging.rb:68:in `tagged'
  railties (4.2.10) lib/rails/rack/logger.rb:20:in `call'
  actionpack (4.2.10) lib/action_dispatch/middleware/request_id.rb:21:in `call'
  rack (1.6.10) lib/rack/methodoverride.rb:22:in `call'
  rack (1.6.10) lib/rack/runtime.rb:18:in `call'
  activesupport (4.2.10) lib/active_support/cache/strategy/local_cache_middleware.rb:28:in `call'
  rack (1.6.10) lib/rack/lock.rb:17:in `call'
  actionpack (4.2.10) lib/action_dispatch/middleware/static.rb:120:in `call'
  rack (1.6.10) lib/rack/sendfile.rb:113:in `call'
  railties (4.2.10) lib/rails/engine.rb:518:in `call'
  railties (4.2.10) lib/rails/application.rb:165:in `call'
  rack (1.6.10) lib/rack/lock.rb:17:in `call'
  rack (1.6.10) lib/rack/content_length.rb:15:in `call'
  rack (1.6.10) lib/rack/handler/webrick.rb:88:in `service'
  /home/daniel/.rvm/rubies/ruby-2.6.6/lib/ruby/2.6.0/webrick/httpserver.rb:140:in `service'
  /home/daniel/.rvm/rubies/ruby-2.6.6/lib/ruby/2.6.0/webrick/httpserver.rb:96:in `run'
  /home/daniel/.rvm/rubies/ruby-2.6.6/lib/ruby/2.6.0/webrick/server.rb:307:in `block in start_thread'


  Rendered /home/daniel/.rvm/gems/ruby-2.6.6/gems/actionpack-4.2.10/lib/action_dispatch/middleware/templates/rescues/_source.erb (2.5ms)
  Rendered /home/daniel/.rvm/gems/ruby-2.6.6/gems/actionpack-4.2.10/lib/action_dispatch/middleware/templates/rescues/_trace.html.erb (1.3ms)
  Rendered /home/daniel/.rvm/gems/ruby-2.6.6/gems/actionpack-4.2.10/lib/action_dispatch/middleware/templates/rescues/_request_and_response.html.erb (0.6ms)
  Rendered /home/daniel/.rvm/gems/ruby-2.6.6/gems/actionpack-4.2.10/lib/action_dispatch/middleware/templates/rescues/missing_template.html.erb within rescues/layout (10.4ms)


Started GET "/movies/new" for 127.0.0.1 at 2023-12-27 17:56:41 -0500
Processing by MoviesController#new as HTML
  Rendered movies/new.html.erb within layouts/application (1.5ms)
  Rendered layouts/_flash.erb (0.1ms)
Completed 200 OK in 432ms (Views: 431.8ms | ActiveRecord: 0.0ms)


Started POST "/movies" for 127.0.0.1 at 2023-12-27 17:56:42 -0500
Processing by MoviesController#create as HTML
  Parameters: {"utf8"=>"✓", "authenticity_token"=>"VuPQAvyIrEMBCqyxGvXqiT9alHrqXwLnTQT5WqnmzxvyhR42N3HgfmsV95Sy2wK0vqt7SG6Ze7yyHFNd5D1S3A==", "movie"=>{"title"=>"", "rating"=>"G", "release_date(1i)"=>"2023", "release_date(2i)"=>"12", "release_date(3i)"=>"27"}, "commit"=>"Save Changes"}
  [1m[36m (0.1ms)[0m  [1mbegin transaction[0m
  [1m[35mSQL (18.1ms)[0m  INSERT INTO "movies" ("title", "rating", "release_date", "created_at", "updated_at") VALUES (?, ?, ?, ?, ?)  [["title", ""], ["rating", "G"], ["release_date", "2023-12-27 00:00:00.000000"], ["created_at", "2023-12-27 22:56:42.914457"], ["updated_at", "2023-12-27 22:56:42.914457"]]
  [1m[36m (28.3ms)[0m  [1mcommit transaction[0m
Redirected to http://localhost:3000/movies
Completed 302 Found in 135ms (ActiveRecord: 57.3ms)


Started GET "/movies" for 127.0.0.1 at 2023-12-27 17:56:42 -0500
Processing by MoviesController#index as HTML
  [1m[35mMovie Load (2.9ms)[0m  SELECT "movies".* FROM "movies"
  Rendered movies/index.html.erb within layouts/application (5.1ms)
  Rendered layouts/_flash.erb (0.1ms)
Completed 200 OK in 388ms (Views: 384.6ms | ActiveRecord: 2.9ms)


Started GET "/movies/new" for 127.0.0.1 at 2023-12-27 17:58:02 -0500
Processing by MoviesController#new as HTML
  Rendered movies/new.html.erb within layouts/application (159.4ms)
  Rendered layouts/_flash.erb (0.4ms)
Completed 200 OK in 1725ms (Views: 1725.2ms | ActiveRecord: 0.0ms)


Started POST "/movies" for 127.0.0.1 at 2023-12-27 17:58:07 -0500
Processing by MoviesController#create as HTML
  Parameters: {"utf8"=>"✓", "authenticity_token"=>"Qh3CypRtSUeKiyVTx1Q8wMd5MS/nUw2Az9rxzoc4MZDmewz+X5QFeuCUfnZvetT9RojeHWOVdNswwlvJyuOsVw==", "movie"=>{"title"=>"", "rating"=>"G", "release_date(1i)"=>"2023", "release_date(2i)"=>"12", "release_date(3i)"=>"27"}, "commit"=>"Save Changes"}
  [1m[36m (0.0ms)[0m  [1mbegin transaction[0m
  [1m[35mSQL (28.3ms)[0m  INSERT INTO "movies" ("title", "rating", "release_date", "created_at", "updated_at") VALUES (?, ?, ?, ?, ?)  [["title", ""], ["rating", "G"], ["release_date", "2023-12-27 00:00:00.000000"], ["created_at", "2023-12-27 22:58:07.611276"], ["updated_at", "2023-12-27 22:58:07.611276"]]
  [1m[36m (26.5ms)[0m  [1mcommit transaction[0m
Redirected to http://localhost:3000/movies
Completed 302 Found in 298ms (ActiveRecord: 73.0ms)


Started GET "/movies" for 127.0.0.1 at 2023-12-27 17:58:07 -0500
Processing by MoviesController#index as HTML
  [1m[35mMovie Load (1.5ms)[0m  SELECT "movies".* FROM "movies"
  Rendered movies/index.html.erb within layouts/application (31.4ms)
  Rendered layouts/_flash.erb (0.1ms)
Completed 200 OK in 428ms (Views: 426.1ms | ActiveRecord: 1.5ms)


Started GET "/movies/new" for 127.0.0.1 at 2023-12-27 17:58:12 -0500
Processing by MoviesController#new as HTML
  Rendered movies/new.html.erb within layouts/application (3.1ms)
  Rendered layouts/_flash.erb (0.1ms)
Completed 200 OK in 385ms (Views: 384.8ms | ActiveRecord: 0.0ms)


Started POST "/movies" for 127.0.0.1 at 2023-12-27 17:58:14 -0500
Processing by MoviesController#create as HTML
  Parameters: {"utf8"=>"✓", "authenticity_token"=>"VPdCYgeK/9971bp2SYxvghEiL4/alE0wXsYFD/lDLVHwkYxWzHOz4hHK4VPhooe/kNPAvV5SNGuh3q8ItJiwlg==", "movie"=>{"title"=>"", "rating"=>"G", "release_date(1i)"=>"2023", "release_date(2i)"=>"12", "release_date(3i)"=>"27"}, "commit"=>"Save Changes"}
  [1m[36m (0.1ms)[0m  [1mbegin transaction[0m
  [1m[35mSQL (29.5ms)[0m  INSERT INTO "movies" ("title", "rating", "release_date", "created_at", "updated_at") VALUES (?, ?, ?, ?, ?)  [["title", ""], ["rating", "G"], ["release_date", "2023-12-27 00:00:00.000000"], ["created_at", "2023-12-27 22:58:14.738410"], ["updated_at", "2023-12-27 22:58:14.738410"]]
  [1m[36m (22.0ms)[0m  [1mcommit transaction[0m
Redirected to http://localhost:3000/movies
Completed 302 Found in 58ms (ActiveRecord: 51.6ms)


Started GET "/movies" for 127.0.0.1 at 2023-12-27 17:58:14 -0500
Processing by MoviesController#index as HTML
  [1m[35mMovie Load (1.5ms)[0m  SELECT "movies".* FROM "movies"
  Rendered movies/index.html.erb within layouts/application (5.0ms)
  Rendered layouts/_flash.erb (0.1ms)
Completed 200 OK in 335ms (Views: 333.3ms | ActiveRecord: 1.5ms)


Started GET "/movies" for 127.0.0.1 at 2023-12-27 17:59:39 -0500
Processing by MoviesController#index as HTML
  [1m[36mMovie Load (16.8ms)[0m  [1mSELECT "movies".* FROM "movies"[0m
  Rendered movies/index.html.erb within layouts/application (79.4ms)
  Rendered layouts/_flash.erb (0.4ms)
Completed 200 OK in 1286ms (Views: 1104.5ms | ActiveRecord: 22.4ms)


Started GET "/movies/new" for 127.0.0.1 at 2023-12-27 17:59:43 -0500
Processing by MoviesController#new as HTML
  Rendered movies/new.html.erb within layouts/application (79.1ms)
  Rendered layouts/_flash.erb (0.1ms)
Completed 200 OK in 413ms (Views: 412.7ms | ActiveRecord: 0.0ms)


Started POST "/movies" for 127.0.0.1 at 2023-12-27 17:59:45 -0500
Processing by MoviesController#create as HTML
  Parameters: {"utf8"=>"✓", "authenticity_token"=>"uNyy3qmffrEVU8ZGzGLYtVhFtyg9jUDsi34uF/SoeAwcunzqYmYyjH9MnWNkTDCI2bRYGrlLObd0ZoQQuXPlyw==", "movie"=>{"title"=>"", "rating"=>"G", "release_date(1i)"=>"2023", "release_date(2i)"=>"12", "release_date(3i)"=>"27"}, "commit"=>"Save Changes"}
  [1m[35m (0.1ms)[0m  begin transaction
  [1m[36mSQL (23.2ms)[0m  [1mINSERT INTO "movies" ("title", "rating", "release_date", "created_at", "updated_at") VALUES (?, ?, ?, ?, ?)[0m  [["title", ""], ["rating", "G"], ["release_date", "2023-12-27 00:00:00.000000"], ["created_at", "2023-12-27 22:59:45.586391"], ["updated_at", "2023-12-27 22:59:45.586391"]]
  [1m[35m (22.6ms)[0m  commit transaction
Redirected to http://localhost:3000/movies
Completed 302 Found in 69ms (ActiveRecord: 45.9ms)


Started GET "/movies" for 127.0.0.1 at 2023-12-27 17:59:45 -0500
Processing by MoviesController#index as HTML
  [1m[36mMovie Load (1.9ms)[0m  [1mSELECT "movies".* FROM "movies"[0m
  Rendered movies/index.html.erb within layouts/application (5.0ms)
  Rendered layouts/_flash.erb (0.1ms)
Completed 200 OK in 377ms (Views: 375.1ms | ActiveRecord: 1.9ms)


Started GET "/movies/new" for 127.0.0.1 at 2023-12-27 18:02:33 -0500
Processing by MoviesController#new as HTML
  Rendered movies/new.html.erb within layouts/application (5.1ms)
  Rendered layouts/_flash.erb (0.1ms)
Completed 200 OK in 431ms (Views: 430.7ms | ActiveRecord: 0.0ms)


Started GET "/movies/new" for 127.0.0.1 at 2023-12-27 18:05:03 -0500
Processing by MoviesController#new as HTML
  Rendered movies/new.html.erb within layouts/application (2.7ms)
  Rendered layouts/_flash.erb (0.1ms)
Completed 200 OK in 930ms (Views: 930.2ms | ActiveRecord: 0.0ms)


Started GET "/assets/movie_form_validation.self-d3b40eac31be623a41b4e675d53eae289a75821b7afb2449252a61039da59336.js?body=1" for 127.0.0.1 at 2023-12-27 18:05:04 -0500
